TN:
SF:/mnt/c/01_All/repositories/Hexlet/Gendiff/src/buildAst.js
FN:3,(anonymous_0)
FN:5,(anonymous_1)
FN:18,(anonymous_2)
FN:19,(anonymous_3)
FN:22,(anonymous_4)
FN:23,(anonymous_5)
FN:26,(anonymous_6)
FN:27,(anonymous_7)
FN:30,(anonymous_8)
FN:31,(anonymous_9)
FN:34,(anonymous_10)
FN:35,(anonymous_11)
FN:39,(anonymous_12)
FN:41,(anonymous_13)
FN:43,(anonymous_14)
FN:43,(anonymous_15)
FNF:16
FNH:16
FNDA:198,(anonymous_0)
FNDA:54,(anonymous_1)
FNDA:189,(anonymous_2)
FNDA:27,(anonymous_3)
FNDA:162,(anonymous_4)
FNDA:54,(anonymous_5)
FNDA:108,(anonymous_6)
FNDA:36,(anonymous_7)
FNDA:72,(anonymous_8)
FNDA:36,(anonymous_9)
FNDA:36,(anonymous_10)
FNDA:36,(anonymous_11)
FNDA:45,(anonymous_12)
FNDA:189,(anonymous_13)
FNDA:189,(anonymous_14)
FNDA:567,(anonymous_15)
DA:3,1
DA:4,198
DA:5,45
DA:6,54
DA:7,54
DA:8,54
DA:11,153
DA:13,153
DA:16,1
DA:18,189
DA:19,27
DA:22,162
DA:23,54
DA:26,108
DA:27,36
DA:30,72
DA:31,36
DA:34,36
DA:35,36
DA:39,1
DA:40,45
DA:41,45
DA:42,189
DA:43,567
DA:44,189
DA:45,189
DA:47,45
LF:27
LH:27
BRDA:4,0,0,45
BRDA:4,0,1,153
BRDA:7,1,0,18
BRDA:7,1,1,36
BRDA:13,2,0,27
BRDA:13,2,1,126
BRDA:18,3,0,189
BRDA:18,3,1,45
BRDA:22,4,0,162
BRDA:22,4,1,54
BRDA:26,5,0,108
BRDA:26,5,1,108
BRF:12
BRH:12
end_of_record
TN:
SF:/mnt/c/01_All/repositories/Hexlet/Gendiff/src/index.js
FN:7,(anonymous_0)
FN:9,(anonymous_1)
FNF:2
FNH:2
FNDA:36,(anonymous_0)
FNDA:18,(anonymous_1)
DA:7,36
DA:9,1
DA:10,18
DA:11,18
DA:12,18
DA:13,18
DA:14,18
DA:15,18
DA:16,18
DA:17,18
LF:10
LH:10
BRF:0
BRH:0
end_of_record
TN:
SF:/mnt/c/01_All/repositories/Hexlet/Gendiff/src/parsers.js
FN:10,(anonymous_0)
FNF:1
FNH:1
FNDA:36,(anonymous_0)
DA:4,1
DA:10,36
LF:2
LH:2
BRF:0
BRH:0
end_of_record
TN:
SF:/mnt/c/01_All/repositories/Hexlet/Gendiff/src/renderers/index.js
FN:10,(anonymous_0)
FNF:1
FNH:1
FNDA:18,(anonymous_0)
DA:4,1
DA:10,18
LF:2
LH:2
BRF:0
BRH:0
end_of_record
TN:
SF:/mnt/c/01_All/repositories/Hexlet/Gendiff/src/renderers/rendererPlain.js
FN:3,(anonymous_0)
FN:8,(anonymous_1)
FN:11,(anonymous_2)
FN:12,(anonymous_3)
FN:13,(anonymous_4)
FN:14,(anonymous_5)
FN:17,(anonymous_6)
FN:18,(anonymous_7)
FN:19,(anonymous_8)
FNF:9
FNH:9
FNDA:42,(anonymous_0)
FNDA:51,(anonymous_1)
FNDA:18,(anonymous_2)
FNDA:12,(anonymous_3)
FNDA:9,(anonymous_4)
FNDA:12,(anonymous_5)
FNDA:15,(anonymous_6)
FNDA:63,(anonymous_7)
FNDA:51,(anonymous_8)
DA:3,1
DA:4,42
DA:5,30
DA:6,30
DA:8,51
DA:10,1
DA:11,18
DA:12,12
DA:13,9
DA:14,12
DA:17,15
DA:18,63
DA:19,51
LF:13
LH:13
BRDA:4,0,0,12
BRDA:4,0,1,30
BRDA:5,1,0,0
BRDA:5,1,1,30
BRDA:5,2,0,30
BRDA:5,2,1,15
BRDA:6,3,0,15
BRDA:6,3,1,15
BRDA:6,4,0,30
BRDA:6,4,1,24
BRDA:8,5,0,27
BRDA:8,5,1,24
BRDA:17,6,0,6
BRF:13
BRH:12
end_of_record
TN:
SF:/mnt/c/01_All/repositories/Hexlet/Gendiff/src/renderers/rendererTree.js
FN:5,(anonymous_0)
FN:8,(anonymous_1)
FN:16,(anonymous_2)
FN:17,(anonymous_3)
FN:18,(anonymous_4)
FN:19,(anonymous_5)
FN:20,(anonymous_6)
FN:24,(anonymous_7)
FN:26,(anonymous_8)
FNF:9
FNH:9
FNDA:69,(anonymous_0)
FNDA:24,(anonymous_1)
FNDA:18,(anonymous_2)
FNDA:12,(anonymous_3)
FNDA:9,(anonymous_4)
FNDA:12,(anonymous_5)
FNDA:12,(anonymous_6)
FNDA:15,(anonymous_7)
FNDA:63,(anonymous_8)
DA:3,1
DA:5,1
DA:6,69
DA:7,18
DA:8,18
DA:9,24
DA:10,21
DA:12,18
DA:15,1
DA:16,18
DA:17,12
DA:18,9
DA:19,12
DA:20,12
DA:24,1
DA:25,15
DA:26,63
DA:27,15
DA:28,15
LF:19
LH:19
BRDA:6,0,0,51
BRDA:6,0,1,18
BRDA:9,1,0,3
BRDA:9,1,1,21
BRDA:24,2,0,6
BRF:5
BRH:5
end_of_record
