TN:
SF:/mnt/c/01_All/repositories/Hexlet/Gendiff/src/buildAst.js
FN:3,(anonymous_0)
FN:8,(anonymous_1)
FN:9,(anonymous_2)
FN:12,(anonymous_3)
FN:13,(anonymous_4)
FN:16,(anonymous_5)
FN:17,(anonymous_6)
FN:20,(anonymous_7)
FN:21,(anonymous_8)
FN:24,(anonymous_9)
FN:25,(anonymous_10)
FN:29,(anonymous_11)
FN:31,(anonymous_12)
FN:31,(anonymous_13)
FNF:14
FNH:14
FNDA:30,(anonymous_0)
FNDA:126,(anonymous_1)
FNDA:18,(anonymous_2)
FNDA:108,(anonymous_3)
FNDA:36,(anonymous_4)
FNDA:72,(anonymous_5)
FNDA:24,(anonymous_6)
FNDA:48,(anonymous_7)
FNDA:24,(anonymous_8)
FNDA:24,(anonymous_9)
FNDA:24,(anonymous_10)
FNDA:126,(anonymous_11)
FNDA:126,(anonymous_12)
FNDA:378,(anonymous_13)
DA:3,1
DA:4,30
DA:6,30
DA:8,126
DA:9,18
DA:12,108
DA:13,36
DA:16,72
DA:17,24
DA:20,48
DA:21,24
DA:24,24
DA:25,24
DA:29,30
DA:30,126
DA:31,378
DA:32,126
DA:33,126
DA:35,30
LF:19
LH:19
BRDA:8,0,0,126
BRDA:8,0,1,30
BRDA:12,1,0,108
BRDA:12,1,1,36
BRDA:16,2,0,72
BRDA:16,2,1,72
BRF:6
BRH:6
end_of_record
TN:
SF:/mnt/c/01_All/repositories/Hexlet/Gendiff/src/index.js
FN:7,(anonymous_0)
FN:9,(anonymous_1)
FNF:2
FNH:2
FNDA:24,(anonymous_0)
FNDA:12,(anonymous_1)
DA:7,24
DA:9,1
DA:10,12
DA:11,12
DA:12,12
DA:13,12
DA:14,12
DA:15,12
DA:16,12
DA:17,12
LF:10
LH:10
BRF:0
BRH:0
end_of_record
TN:
SF:/mnt/c/01_All/repositories/Hexlet/Gendiff/src/parsers.js
FN:10,(anonymous_0)
FNF:1
FNH:1
FNDA:24,(anonymous_0)
DA:4,1
DA:10,24
LF:2
LH:2
BRF:0
BRH:0
end_of_record
TN:
SF:/mnt/c/01_All/repositories/Hexlet/Gendiff/src/renderers/index.js
FN:10,(anonymous_0)
FNF:1
FNH:1
FNDA:12,(anonymous_0)
DA:4,1
DA:10,12
LF:2
LH:2
BRF:0
BRH:0
end_of_record
TN:
SF:/mnt/c/01_All/repositories/Hexlet/Gendiff/src/renderers/rendererPlain.js
FN:3,(anonymous_0)
FN:8,(anonymous_1)
FN:11,(anonymous_2)
FN:12,(anonymous_3)
FN:13,(anonymous_4)
FN:14,(anonymous_5)
FN:17,(anonymous_6)
FN:18,(anonymous_7)
FN:19,(anonymous_8)
FNF:9
FNH:9
FNDA:42,(anonymous_0)
FNDA:51,(anonymous_1)
FNDA:18,(anonymous_2)
FNDA:12,(anonymous_3)
FNDA:9,(anonymous_4)
FNDA:12,(anonymous_5)
FNDA:15,(anonymous_6)
FNDA:63,(anonymous_7)
FNDA:51,(anonymous_8)
DA:3,1
DA:4,42
DA:5,30
DA:6,28
DA:8,51
DA:10,1
DA:11,18
DA:12,12
DA:13,9
DA:14,12
DA:17,15
DA:18,63
DA:19,51
LF:13
LH:13
BRDA:4,0,0,12
BRDA:4,0,1,30
BRDA:5,1,0,2
BRDA:5,1,1,28
BRDA:5,2,0,30
BRDA:5,2,1,17
BRDA:6,3,0,13
BRDA:6,3,1,15
BRDA:6,4,0,28
BRDA:6,4,1,24
BRDA:8,5,0,27
BRDA:8,5,1,24
BRDA:17,6,0,6
BRF:13
BRH:13
end_of_record
TN:
SF:/mnt/c/01_All/repositories/Hexlet/Gendiff/src/renderers/rendererTree.js
FN:5,(anonymous_0)
FN:8,(anonymous_1)
FN:16,(anonymous_2)
FN:17,(anonymous_3)
FN:18,(anonymous_4)
FN:19,(anonymous_5)
FN:20,(anonymous_6)
FN:24,(anonymous_7)
FN:26,(anonymous_8)
FNF:9
FNH:9
FNDA:69,(anonymous_0)
FNDA:24,(anonymous_1)
FNDA:18,(anonymous_2)
FNDA:12,(anonymous_3)
FNDA:9,(anonymous_4)
FNDA:12,(anonymous_5)
FNDA:12,(anonymous_6)
FNDA:15,(anonymous_7)
FNDA:63,(anonymous_8)
DA:3,1
DA:5,1
DA:6,69
DA:7,18
DA:8,18
DA:9,24
DA:10,21
DA:12,18
DA:15,1
DA:16,18
DA:17,12
DA:18,9
DA:19,12
DA:20,12
DA:24,1
DA:25,15
DA:26,63
DA:27,15
DA:28,15
LF:19
LH:19
BRDA:6,0,0,51
BRDA:6,0,1,18
BRDA:9,1,0,3
BRDA:9,1,1,21
BRDA:24,2,0,6
BRF:5
BRH:5
end_of_record
